d:\code\btl\debug\vc143.pdb
d:\code\btl\debug\vc143.idb
d:\code\btl\debug\main.obj
d:\code\btl\debug\commonfunc.obj
d:\code\btl\debug\baseobject.obj
d:\code\btl\debug\gamemap.obj
d:\code\btl\debug\mainplayerobject.obj
d:\code\btl\debug\imptimer.obj
d:\code\btl\debug\bulletobject.obj
d:\code\btl\debug\threatsobject.obj
d:\code\btl\debug\explosionobject.obj
d:\code\btl\debug\btl.exe
d:\code\btl\debug\btl.ilk
d:\code\btl\debug\btl.pdb
d:\code\btl\debug\btl.tlog\cl.command.1.tlog
d:\code\btl\debug\btl.tlog\cl.read.1.tlog
d:\code\btl\debug\btl.tlog\cl.write.1.tlog
d:\code\btl\debug\btl.tlog\link.command.1.tlog
d:\code\btl\debug\btl.tlog\link.read.1.tlog
d:\code\btl\debug\btl.tlog\link.write.1.tlog
